{
  "RSpec": {
    "coverage": {
      "/Users/student/Projects/week-4/Bookmarks/spec/web-helpers.rb": {
        "lines": [
          1,
          5,
          5,
          5,
          5,
          5,
          null
        ]
      },
      "/Users/student/Projects/week-4/Bookmarks/app.rb": {
        "lines": [
          1,
          1,
          null,
          1,
          null,
          1,
          1,
          null,
          null,
          1,
          1,
          null,
          null,
          1,
          3,
          3,
          null,
          null,
          1,
          1,
          null,
          null,
          1,
          null,
          1,
          1,
          null,
          null
        ]
      },
      "/Users/student/Projects/week-4/Bookmarks/lib/bookmarks.rb": {
        "lines": [
          1,
          null,
          1,
          null,
          1,
          null,
          null,
          4,
          4,
          13,
          null,
          null,
          null,
          1,
          5,
          5,
          null,
          0,
          null,
          null,
          null,
          1,
          1,
          null,
          null
        ]
      },
      "/Users/student/Projects/week-4/Bookmarks/spec/bookmarks_spec.rb": {
        "lines": [
          1,
          null,
          1,
          1,
          1,
          null,
          null
        ]
      },
      "/Users/student/Projects/week-4/Bookmarks/spec/feature/bookmark_feature_spec.rb": {
        "lines": [
          1,
          1,
          1,
          1,
          null,
          null,
          null,
          1,
          1,
          1,
          1,
          null,
          null,
          1,
          1,
          1,
          1,
          1,
          1,
          null,
          null,
          1,
          1,
          1,
          1,
          1,
          1,
          1,
          null,
          null,
          null,
          null
        ]
      }
    },
    "timestamp": 1600962471
  }
}
