{
  "RSpec": {
    "coverage": {
      "/Users/nicolakeys/Makers/Projects/courteny-bookmarks/Bookmarks/spec/web-helpers.rb": {
        "lines": [
          1,
          5,
          5,
          5,
          5,
          5,
          null
        ]
      },
      "/Users/nicolakeys/Makers/Projects/courteny-bookmarks/Bookmarks/app.rb": {
        "lines": [
          1,
          1,
          null,
          1,
          null,
          1,
          1,
          null,
          null,
          1,
          1,
          null,
          null,
          1,
          1,
          1,
          null,
          null,
          null
        ]
      },
      "/Users/nicolakeys/Makers/Projects/courteny-bookmarks/Bookmarks/lib/bookmarks.rb": {
        "lines": [
          1,
          null,
          1,
          null,
          1,
          null,
          null,
          2,
          2,
          6,
          null,
          null,
          null,
          1,
          2,
          2,
          null,
          0,
          null,
          null,
          null,
          null,
          null,
          null
        ]
      },
      "/Users/nicolakeys/Makers/Projects/courteny-bookmarks/Bookmarks/spec/bookmarks_spec.rb": {
        "lines": [
          1,
          null,
          1,
          1,
          1,
          null,
          null
        ]
      },
      "/Users/nicolakeys/Makers/Projects/courteny-bookmarks/Bookmarks/spec/feature/bookmark_feature_spec.rb": {
        "lines": [
          1,
          1,
          1,
          1,
          null,
          null,
          null,
          1,
          1,
          1,
          1,
          null,
          null,
          1,
          1,
          1,
          1,
          1,
          1,
          null,
          null,
          1,
          1,
          null,
          null,
          null,
          null,
          null,
          null
        ]
      }
    },
    "timestamp": 1600958606
  }
}
